SF:lib\bloc\counter_event.dart
DA:4,1
DA:6,0
DA:7,0
LF:3
LH:1
end_of_record
SF:lib\bloc\counter_state.dart
DA:5,2
DA:7,1
DA:8,2
DA:12,1
DA:16,3
LF:5
LH:5
end_of_record
SF:lib\bloc\counter_bloc.dart
DA:8,2
DA:9,1
DA:10,6
DA:11,1
DA:12,0
DA:13,1
DA:16,1
DA:18,1
DA:21,1
DA:23,1
LF:10
LH:9
end_of_record
SF:lib\main.dart
DA:7,0
DA:8,0
DA:9,0
DA:14,2
DA:15,1
DA:17,1
DA:20,1
LF:7
LH:4
end_of_record
SF:lib\my_home.dart
DA:6,1
DA:7,1
DA:9,1
DA:10,1
DA:11,1
DA:14,1
DA:15,1
DA:17,1
DA:22,1
DA:23,3
DA:24,3
DA:30,1
DA:32,1
DA:33,1
DA:35,1
DA:36,1
DA:37,3
DA:42,1
DA:44,1
DA:46,0
DA:51,1
DA:53,1
DA:55,0
LF:23
LH:21
end_of_record
